0 verbose cli /usr/local/bin/node /usr/local/bin/npm
1 info using npm@8.6.0
2 info using node@v18.0.0
3 timing npm:load:whichnode Completed in 0ms
4 timing config:load:defaults Completed in 2ms
5 timing config:load:file:/usr/local/lib/node_modules/npm/npmrc Completed in 14ms
6 timing config:load:builtin Completed in 14ms
7 timing config:load:cli Completed in 1ms
8 timing config:load:env Completed in 0ms
9 timing config:load:project Completed in 6ms
10 timing config:load:file:/home/node/.npmrc Completed in 0ms
11 timing config:load:user Completed in 0ms
12 timing config:load:file:/usr/local/etc/npmrc Completed in 0ms
13 timing config:load:global Completed in 0ms
14 timing config:load:validate Completed in 0ms
15 timing config:load:credentials Completed in 1ms
16 timing config:load:setEnvs Completed in 1ms
17 timing config:load Completed in 28ms
18 timing npm:load:configload Completed in 28ms
19 timing npm:load:mkdirpcache Completed in 2ms
20 timing npm:load:mkdirplogs Completed in 1ms
21 verbose title npm install
22 verbose argv "install"
23 timing npm:load:setTitle Completed in 1ms
24 timing config:load:flatten Completed in 3ms
25 timing npm:load:display Completed in 6ms
26 verbose logfile logs-max:10 dir:/home/node/.npm/_logs
27 verbose logfile /home/node/.npm/_logs/2022-09-27T08_38_33_767Z-debug-0.log
28 timing npm:load:logFile Completed in 7ms
29 timing npm:load:timers Completed in 0ms
30 timing npm:load:configScope Completed in 0ms
31 timing npm:load Completed in 47ms
32 timing arborist:ctor Completed in 1ms
33 silly logfile done cleaning log files
34 timing idealTree:init Completed in 62ms
35 timing idealTree:userRequests Completed in 0ms
36 silly idealTree buildDeps
37 timing idealTree:#root Completed in 0ms
38 timing idealTree:buildDeps Completed in 2ms
39 timing idealTree:fixDepFlags Completed in 0ms
40 timing idealTree Completed in 67ms
41 verbose shrinkwrap failed to load node_modules/.package-lock.json out of date, updated: node_modules
42 timing reify:loadTrees Completed in 101ms
43 timing reify:diffTrees Completed in 4ms
44 silly reify moves {}
45 timing reify:retireShallow Completed in 1ms
46 timing reify:createSparse Completed in 7ms
47 timing reify:loadBundles Completed in 0ms
48 silly audit bulk request {
48 silly audit   '@esbuild/android-arm': [ '0.15.9' ],
48 silly audit   '@esbuild/linux-loong64': [ '0.15.9' ],
48 silly audit   esbuild: [ '0.15.9' ],
48 silly audit   'esbuild-android-64': [ '0.15.9' ],
48 silly audit   'esbuild-android-arm64': [ '0.15.9' ],
48 silly audit   'esbuild-darwin-64': [ '0.15.9' ],
48 silly audit   'esbuild-darwin-arm64': [ '0.15.9' ],
48 silly audit   'esbuild-freebsd-64': [ '0.15.9' ],
48 silly audit   'esbuild-freebsd-arm64': [ '0.15.9' ],
48 silly audit   'esbuild-linux-32': [ '0.15.9' ],
48 silly audit   'esbuild-linux-64': [ '0.15.9' ],
48 silly audit   'esbuild-linux-arm': [ '0.15.9' ],
48 silly audit   'esbuild-linux-arm64': [ '0.15.9' ],
48 silly audit   'esbuild-linux-mips64le': [ '0.15.9' ],
48 silly audit   'esbuild-linux-ppc64le': [ '0.15.9' ],
48 silly audit   'esbuild-linux-riscv64': [ '0.15.9' ],
48 silly audit   'esbuild-linux-s390x': [ '0.15.9' ],
48 silly audit   'esbuild-netbsd-64': [ '0.15.9' ],
48 silly audit   'esbuild-openbsd-64': [ '0.15.9' ],
48 silly audit   'esbuild-sunos-64': [ '0.15.9' ],
48 silly audit   'esbuild-windows-32': [ '0.15.9' ],
48 silly audit   'esbuild-windows-64': [ '0.15.9' ],
48 silly audit   'esbuild-windows-arm64': [ '0.15.9' ],
48 silly audit   fsevents: [ '2.3.2' ],
48 silly audit   'function-bind': [ '1.1.1' ],
48 silly audit   has: [ '1.0.3' ],
48 silly audit   'is-core-module': [ '2.10.0' ],
48 silly audit   nanoid: [ '3.3.4' ],
48 silly audit   'path-parse': [ '1.0.7' ],
48 silly audit   picocolors: [ '1.0.0' ],
48 silly audit   postcss: [ '8.4.16' ],
48 silly audit   resolve: [ '1.22.1' ],
48 silly audit   rollup: [ '2.78.1' ],
48 silly audit   'source-map-js': [ '1.0.2' ],
48 silly audit   'supports-preserve-symlinks-flag': [ '1.0.0' ],
48 silly audit   vite: [ '3.1.3' ]
48 silly audit }
49 verbose reify failed optional dependency /home/node/node_modules/fsevents
50 silly reify mark deleted [ '/home/node/node_modules/fsevents' ]
51 verbose reify failed optional dependency /home/node/node_modules/esbuild-windows-arm64
52 silly reify mark deleted [ '/home/node/node_modules/esbuild-windows-arm64' ]
53 verbose reify failed optional dependency /home/node/node_modules/esbuild-windows-64
54 silly reify mark deleted [ '/home/node/node_modules/esbuild-windows-64' ]
55 verbose reify failed optional dependency /home/node/node_modules/esbuild-windows-32
56 silly reify mark deleted [ '/home/node/node_modules/esbuild-windows-32' ]
57 verbose reify failed optional dependency /home/node/node_modules/esbuild-sunos-64
58 silly reify mark deleted [ '/home/node/node_modules/esbuild-sunos-64' ]
59 verbose reify failed optional dependency /home/node/node_modules/esbuild-openbsd-64
60 silly reify mark deleted [ '/home/node/node_modules/esbuild-openbsd-64' ]
61 verbose reify failed optional dependency /home/node/node_modules/esbuild-netbsd-64
62 silly reify mark deleted [ '/home/node/node_modules/esbuild-netbsd-64' ]
63 verbose reify failed optional dependency /home/node/node_modules/esbuild-linux-s390x
64 silly reify mark deleted [ '/home/node/node_modules/esbuild-linux-s390x' ]
65 verbose reify failed optional dependency /home/node/node_modules/esbuild-linux-riscv64
66 silly reify mark deleted [ '/home/node/node_modules/esbuild-linux-riscv64' ]
67 verbose reify failed optional dependency /home/node/node_modules/esbuild-linux-ppc64le
68 silly reify mark deleted [ '/home/node/node_modules/esbuild-linux-ppc64le' ]
69 verbose reify failed optional dependency /home/node/node_modules/esbuild-linux-mips64le
70 silly reify mark deleted [ '/home/node/node_modules/esbuild-linux-mips64le' ]
71 verbose reify failed optional dependency /home/node/node_modules/esbuild-linux-arm64
72 silly reify mark deleted [ '/home/node/node_modules/esbuild-linux-arm64' ]
73 verbose reify failed optional dependency /home/node/node_modules/esbuild-linux-arm
74 silly reify mark deleted [ '/home/node/node_modules/esbuild-linux-arm' ]
75 verbose reify failed optional dependency /home/node/node_modules/esbuild-linux-32
76 silly reify mark deleted [ '/home/node/node_modules/esbuild-linux-32' ]
77 verbose reify failed optional dependency /home/node/node_modules/esbuild-freebsd-arm64
78 silly reify mark deleted [ '/home/node/node_modules/esbuild-freebsd-arm64' ]
79 verbose reify failed optional dependency /home/node/node_modules/esbuild-freebsd-64
80 silly reify mark deleted [ '/home/node/node_modules/esbuild-freebsd-64' ]
81 verbose reify failed optional dependency /home/node/node_modules/esbuild-darwin-arm64
82 silly reify mark deleted [ '/home/node/node_modules/esbuild-darwin-arm64' ]
83 verbose reify failed optional dependency /home/node/node_modules/esbuild-darwin-64
84 silly reify mark deleted [ '/home/node/node_modules/esbuild-darwin-64' ]
85 verbose reify failed optional dependency /home/node/node_modules/esbuild-android-arm64
86 silly reify mark deleted [ '/home/node/node_modules/esbuild-android-arm64' ]
87 verbose reify failed optional dependency /home/node/node_modules/esbuild-android-64
88 silly reify mark deleted [ '/home/node/node_modules/esbuild-android-64' ]
89 verbose reify failed optional dependency /home/node/node_modules/@esbuild/linux-loong64
90 silly reify mark deleted [ '/home/node/node_modules/@esbuild/linux-loong64' ]
91 verbose reify failed optional dependency /home/node/node_modules/@esbuild/android-arm
92 silly reify mark deleted [ '/home/node/node_modules/@esbuild/android-arm' ]
93 timing reifyNode:node_modules/fsevents Completed in 125ms
94 timing reifyNode:node_modules/esbuild-windows-arm64 Completed in 124ms
95 timing reifyNode:node_modules/esbuild-windows-64 Completed in 124ms
96 timing reifyNode:node_modules/esbuild-windows-32 Completed in 124ms
97 timing reifyNode:node_modules/esbuild-sunos-64 Completed in 124ms
98 timing reifyNode:node_modules/esbuild-openbsd-64 Completed in 124ms
99 timing reifyNode:node_modules/esbuild-netbsd-64 Completed in 124ms
100 timing reifyNode:node_modules/esbuild-linux-s390x Completed in 123ms
101 timing reifyNode:node_modules/esbuild-linux-riscv64 Completed in 123ms
102 timing reifyNode:node_modules/esbuild-linux-ppc64le Completed in 124ms
103 timing reifyNode:node_modules/esbuild-linux-mips64le Completed in 124ms
104 timing reifyNode:node_modules/esbuild-linux-arm64 Completed in 124ms
105 timing reifyNode:node_modules/esbuild-linux-arm Completed in 124ms
106 timing reifyNode:node_modules/esbuild-linux-32 Completed in 124ms
107 timing reifyNode:node_modules/esbuild-freebsd-arm64 Completed in 124ms
108 timing reifyNode:node_modules/esbuild-freebsd-64 Completed in 124ms
109 timing reifyNode:node_modules/esbuild-darwin-arm64 Completed in 123ms
110 timing reifyNode:node_modules/esbuild-darwin-64 Completed in 123ms
111 timing reifyNode:node_modules/esbuild-android-arm64 Completed in 123ms
112 timing reifyNode:node_modules/esbuild-android-64 Completed in 124ms
113 timing reifyNode:node_modules/@esbuild/linux-loong64 Completed in 124ms
114 timing reifyNode:node_modules/@esbuild/android-arm Completed in 124ms
115 timing reify:unpack Completed in 127ms
116 timing reify:unretire Completed in 0ms
117 timing build:queue Completed in 9ms
118 timing build:deps Completed in 10ms
119 timing build Completed in 10ms
120 timing reify:build Completed in 11ms
121 timing reify:trash Completed in 8ms
122 timing reify:save Completed in 17ms
123 http fetch POST 200 https://registry.npmjs.org/-/npm/v1/security/advisories/bulk 451ms
124 timing auditReport:getReport Completed in 455ms
125 silly audit report {}
126 timing auditReport:init Completed in 0ms
127 timing reify:audit Completed in 458ms
128 timing reify Completed in 594ms
129 silly ADD
130 silly ADD
131 silly ADD
132 silly ADD
133 silly ADD
134 silly ADD
135 silly ADD
136 silly ADD
137 silly ADD
138 silly ADD
139 silly ADD
140 silly ADD
141 silly ADD
142 silly ADD
143 silly ADD
144 silly ADD
145 silly ADD
146 silly ADD
147 silly ADD
148 silly ADD
149 silly ADD
150 silly ADD
151 timing command:install Completed in 616ms
152 verbose exit 0
153 timing npm Completed in 742ms
154 info ok
